[      50ms] [INFO] %cDownload the React DevTools for a better development experience: https://reactjs.org/link/react-devtools font-weight:bold @ http://localhost:5183/node_modules/.vite/deps/chunk-OOIH53S6.js?v=66b230fb:21548
[      56ms] [WARNING] ⚠️ React Router Future Flag Warning: React Router will begin wrapping state updates in `React.startTransition` in v7. You can use the `v7_startTransition` future flag to opt-in early. For more information, see https://reactrouter.com/v6/upgrading/future#v7_starttransition. @ http://localhost:5183/node_modules/.vite/deps/react-router-dom.js?v=a5cb008e:4433
[      56ms] [WARNING] ⚠️ React Router Future Flag Warning: Relative route resolution within Splat routes is changing in v7. You can use the `v7_relativeSplatPath` future flag to opt-in early. For more information, see https://reactrouter.com/v6/upgrading/future#v7_relativesplatpath. @ http://localhost:5183/node_modules/.vite/deps/react-router-dom.js?v=a5cb008e:4433
[      84ms] [ERROR] Failed to load resource: the server responded with a status of 404 (Not Found) @ http://localhost:5183/api/v1/statistics/overview:0
[      85ms] [ERROR] Failed to load resource: the server responded with a status of 404 (Not Found) @ http://localhost:5183/api/v1/statistics/revenue?start_date=2026-05-17&end_date=2026-05-23&group_by=day:0
[      86ms] [ERROR] Failed to load resource: the server responded with a status of 404 (Not Found) @ http://localhost:5183/api/v1/statistics/overview:0
[      87ms] [ERROR] Failed to load resource: the server responded with a status of 404 (Not Found) @ http://localhost:5183/api/v1/statistics/revenue?group_by=category:0
[      91ms] [ERROR] Failed to load resource: the server responded with a status of 404 (Not Found) @ http://localhost:5183/api/v1/statistics/revenue?start_date=2026-05-17&end_date=2026-05-23&group_by=day:0
[      93ms] [ERROR] Failed to load resource: the server responded with a status of 404 (Not Found) @ http://localhost:5183/api/v1/statistics/revenue?group_by=category:0
[  176138ms] [INFO] %cDownload the React DevTools for a better development experience: https://reactjs.org/link/react-devtools font-weight:bold @ http://localhost:5183/node_modules/.vite/deps/chunk-OOIH53S6.js?v=66b230fb:21548
[  176142ms] [WARNING] ⚠️ React Router Future Flag Warning: React Router will begin wrapping state updates in `React.startTransition` in v7. You can use the `v7_startTransition` future flag to opt-in early. For more information, see https://reactrouter.com/v6/upgrading/future#v7_starttransition. @ http://localhost:5183/node_modules/.vite/deps/react-router-dom.js?v=a5cb008e:4433
[  176142ms] [WARNING] ⚠️ React Router Future Flag Warning: Relative route resolution within Splat routes is changing in v7. You can use the `v7_relativeSplatPath` future flag to opt-in early. For more information, see https://reactrouter.com/v6/upgrading/future#v7_relativesplatpath. @ http://localhost:5183/node_modules/.vite/deps/react-router-dom.js?v=a5cb008e:4433
[  176171ms] [ERROR] Failed to load resource: the server responded with a status of 404 (Not Found) @ http://localhost:5183/api/v1/statistics/overview:0
[  176173ms] [ERROR] Failed to load resource: the server responded with a status of 404 (Not Found) @ http://localhost:5183/api/v1/statistics/overview:0
[  176173ms] [ERROR] Failed to load resource: the server responded with a status of 404 (Not Found) @ http://localhost:5183/api/v1/statistics/revenue?start_date=2026-05-17&end_date=2026-05-23&group_by=day:0
[  176175ms] [ERROR] Failed to load resource: the server responded with a status of 404 (Not Found) @ http://localhost:5183/api/v1/statistics/revenue?start_date=2026-05-17&end_date=2026-05-23&group_by=day:0
[  176175ms] [ERROR] Failed to load resource: the server responded with a status of 404 (Not Found) @ http://localhost:5183/api/v1/statistics/revenue?group_by=category:0
[  176177ms] [ERROR] Failed to load resource: the server responded with a status of 404 (Not Found) @ http://localhost:5183/api/v1/statistics/revenue?group_by=category:0
[  178276ms] [ERROR] 获取竞拍列表失败: Error
    at fetchAuctions (http://localhost:5183/src/pages/Auction/List.tsx:69:15) @ http://localhost:5183/src/pages/Auction/List.tsx:71
[  178287ms] [ERROR] 获取竞拍列表失败: Error
    at fetchAuctions (http://localhost:5183/src/pages/Auction/List.tsx:69:15) @ http://localhost:5183/src/pages/Auction/List.tsx:71
