[      60ms] [ERROR] Failed to load resource: the server responded with a status of 404 (Not Found) @ http://localhost:5183/api/v1/statistics/overview:0
[      62ms] [ERROR] Failed to load resource: the server responded with a status of 404 (Not Found) @ http://localhost:5183/api/v1/statistics/overview:0
[      63ms] [ERROR] Failed to load resource: the server responded with a status of 404 (Not Found) @ http://localhost:5183/api/v1/statistics/revenue?start_date=2026-05-17&end_date=2026-05-23&group_by=day:0
[      64ms] [ERROR] Failed to load resource: the server responded with a status of 404 (Not Found) @ http://localhost:5183/api/v1/statistics/revenue?start_date=2026-05-17&end_date=2026-05-23&group_by=day:0
[      65ms] [ERROR] Failed to load resource: the server responded with a status of 404 (Not Found) @ http://localhost:5183/api/v1/statistics/revenue?group_by=category:0
[      66ms] [ERROR] Failed to load resource: the server responded with a status of 404 (Not Found) @ http://localhost:5183/api/v1/statistics/revenue?group_by=category:0
[  389691ms] [INFO] %cDownload the React DevTools for a better development experience: https://reactjs.org/link/react-devtools font-weight:bold @ http://localhost:5183/node_modules/.vite/deps/chunk-OOIH53S6.js?v=da2d90a2:21548
[  389695ms] [WARNING] ⚠️ React Router Future Flag Warning: React Router will begin wrapping state updates in `React.startTransition` in v7. You can use the `v7_startTransition` future flag to opt-in early. For more information, see https://reactrouter.com/v6/upgrading/future#v7_starttransition. @ http://localhost:5183/node_modules/.vite/deps/react-router-dom.js?v=4d69f59d:4433
[  389695ms] [WARNING] ⚠️ React Router Future Flag Warning: Relative route resolution within Splat routes is changing in v7. You can use the `v7_relativeSplatPath` future flag to opt-in early. For more information, see https://reactrouter.com/v6/upgrading/future#v7_relativesplatpath. @ http://localhost:5183/node_modules/.vite/deps/react-router-dom.js?v=4d69f59d:4433
[  389724ms] [ERROR] Failed to load resource: the server responded with a status of 404 (Not Found) @ http://localhost:5183/api/v1/statistics/overview:0
[  389726ms] [ERROR] Failed to load resource: the server responded with a status of 404 (Not Found) @ http://localhost:5183/api/v1/statistics/overview:0
[  389726ms] [ERROR] Failed to load resource: the server responded with a status of 404 (Not Found) @ http://localhost:5183/api/v1/statistics/revenue?start_date=2026-05-17&end_date=2026-05-23&group_by=day:0
[  389728ms] [ERROR] Failed to load resource: the server responded with a status of 404 (Not Found) @ http://localhost:5183/api/v1/statistics/revenue?group_by=category:0
[  389728ms] [ERROR] Failed to load resource: the server responded with a status of 404 (Not Found) @ http://localhost:5183/api/v1/statistics/revenue?start_date=2026-05-17&end_date=2026-05-23&group_by=day:0
[  389730ms] [ERROR] Failed to load resource: the server responded with a status of 404 (Not Found) @ http://localhost:5183/api/v1/statistics/revenue?group_by=category:0
[  391314ms] [INFO] %cDownload the React DevTools for a better development experience: https://reactjs.org/link/react-devtools font-weight:bold @ http://localhost:5183/node_modules/.vite/deps/chunk-OOIH53S6.js?v=da2d90a2:21548
[  391318ms] [WARNING] ⚠️ React Router Future Flag Warning: React Router will begin wrapping state updates in `React.startTransition` in v7. You can use the `v7_startTransition` future flag to opt-in early. For more information, see https://reactrouter.com/v6/upgrading/future#v7_starttransition. @ http://localhost:5183/node_modules/.vite/deps/react-router-dom.js?v=4d69f59d:4433
[  391318ms] [WARNING] ⚠️ React Router Future Flag Warning: Relative route resolution within Splat routes is changing in v7. You can use the `v7_relativeSplatPath` future flag to opt-in early. For more information, see https://reactrouter.com/v6/upgrading/future#v7_relativesplatpath. @ http://localhost:5183/node_modules/.vite/deps/react-router-dom.js?v=4d69f59d:4433
[  391331ms] [ERROR] Failed to load resource: the server responded with a status of 404 (Not Found) @ http://localhost:5183/api/v1/statistics/overview:0
[  391333ms] [ERROR] Failed to load resource: the server responded with a status of 404 (Not Found) @ http://localhost:5183/api/v1/statistics/overview:0
[  391333ms] [ERROR] Failed to load resource: the server responded with a status of 404 (Not Found) @ http://localhost:5183/api/v1/statistics/revenue?start_date=2026-05-17&end_date=2026-05-23&group_by=day:0
[  391365ms] [ERROR] Failed to load resource: the server responded with a status of 404 (Not Found) @ http://localhost:5183/api/v1/statistics/revenue?start_date=2026-05-17&end_date=2026-05-23&group_by=day:0
[  391367ms] [ERROR] Failed to load resource: the server responded with a status of 404 (Not Found) @ http://localhost:5183/api/v1/statistics/revenue?group_by=category:0
[  391374ms] [ERROR] Failed to load resource: the server responded with a status of 404 (Not Found) @ http://localhost:5183/api/v1/statistics/revenue?group_by=category:0
