[     276ms] [WARNING] cdn.tailwindcss.com should not be used in production. To use Tailwind CSS in production, install it as a PostCSS plugin or use the Tailwind CLI: https://tailwindcss.com/docs/installation @ https://modao.cc/agent-py/static/source/js/tailwindcss.js:62
[     413ms] [INFO] %cDownload the React DevTools for a better development experience: https://reactjs.org/link/react-devtools font-weight:bold @ http://localhost:3004/node_modules/.vite/deps/chunk-NUMECXU6.js?v=8fa3fb44:21550
[     441ms] [ERROR] Failed to load resource: the server responded with a status of 404 (Not Found) @ http://localhost:3004/agent-py/static/source/images/placeholder.svg:0
[     527ms] [ERROR] Failed to load resource: the server responded with a status of 404 (Not Found) @ http://localhost:3004/favicon.ico:0
[  174461ms] [LOG] [vite] server connection lost. Polling for restart... @ http://localhost:3004/@vite/client:559
[  175031ms] [WARNING] cdn.tailwindcss.com should not be used in production. To use Tailwind CSS in production, install it as a PostCSS plugin or use the Tailwind CLI: https://tailwindcss.com/docs/installation @ https://modao.cc/agent-py/static/source/js/tailwindcss.js:62
[  175089ms] [INFO] %cDownload the React DevTools for a better development experience: https://reactjs.org/link/react-devtools font-weight:bold @ http://localhost:3004/node_modules/.vite/deps/chunk-NUMECXU6.js?v=8fa3fb44:21550
[  175110ms] [ERROR] Failed to load resource: the server responded with a status of 404 (Not Found) @ http://localhost:3004/agent-py/static/source/images/placeholder.svg:0
[20789444ms] [ERROR] Failed to load resource: the server responded with a status of 404 (Not Found) @ http://localhost:3004/api/v1/auctions?page=1&page_size=20:0
[20789445ms] [ERROR] API Error: 请求的资源不存在 @ http://localhost:3004/src/shared/api/request.ts:19
[20789445ms] [ERROR] 获取竞拍列表失败: ApiError: 请求的资源不存在
    at handleErrorResponse (http://localhost:3004/src/shared/api/request.ts:46:17)
    at async request (http://localhost:3004/src/shared/api/request.ts:94:7)
    at async fetchAuctions (http://localhost:3004/src/mobile/pages/Home.tsx?t=1779893540062:32:26) @ http://localhost:3004/src/mobile/pages/Home.tsx?t=1779893540062:34
[20789447ms] [ERROR] Failed to load resource: the server responded with a status of 404 (Not Found) @ http://localhost:3004/api/v1/auctions?page=1&page_size=20:0
[20789447ms] [ERROR] API Error: 请求的资源不存在 @ http://localhost:3004/src/shared/api/request.ts:19
[20789447ms] [ERROR] 获取竞拍列表失败: ApiError: 请求的资源不存在
    at handleErrorResponse (http://localhost:3004/src/shared/api/request.ts:46:17)
    at async request (http://localhost:3004/src/shared/api/request.ts:94:7)
    at async fetchAuctions (http://localhost:3004/src/mobile/pages/Home.tsx?t=1779893540062:32:26) @ http://localhost:3004/src/mobile/pages/Home.tsx?t=1779893540062:34
[23468885ms] [ERROR] Failed to load resource: the server responded with a status of 404 (Not Found) @ http://localhost:3004/api/v1/auctions?page=1&page_size=20:0
[23468885ms] [ERROR] API Error: 请求的资源不存在 @ http://localhost:3004/src/shared/api/request.ts:19
[23468885ms] [ERROR] 获取竞拍列表失败: ApiError: 请求的资源不存在
    at handleErrorResponse (http://localhost:3004/src/shared/api/request.ts:46:17)
    at async request (http://localhost:3004/src/shared/api/request.ts:94:7)
    at async fetchAuctions (http://localhost:3004/src/mobile/pages/Home.tsx?t=1779896219439:32:26) @ http://localhost:3004/src/mobile/pages/Home.tsx?t=1779896219439:34
[23470126ms] [WARNING] cdn.tailwindcss.com should not be used in production. To use Tailwind CSS in production, install it as a PostCSS plugin or use the Tailwind CLI: https://tailwindcss.com/docs/installation @ https://modao.cc/agent-py/static/source/js/tailwindcss.js:62
[23470184ms] [INFO] %cDownload the React DevTools for a better development experience: https://reactjs.org/link/react-devtools font-weight:bold @ http://localhost:3004/node_modules/.vite/deps/chunk-NUMECXU6.js?v=8fa3fb44:21550
[23470226ms] [ERROR] Failed to load resource: the server responded with a status of 404 (Not Found) @ http://localhost:3004/api/v1/auctions?page=1&page_size=20:0
[23470226ms] [ERROR] API Error: 请求的资源不存在 @ http://localhost:3004/src/shared/api/request.ts:19
[23470227ms] [ERROR] 获取竞拍列表失败: ApiError: 请求的资源不存在
    at handleErrorResponse (http://localhost:3004/src/shared/api/request.ts:46:17)
    at async request (http://localhost:3004/src/shared/api/request.ts:94:7)
    at async fetchAuctions (http://localhost:3004/src/mobile/pages/Home.tsx?t=1779896219439:32:26) @ http://localhost:3004/src/mobile/pages/Home.tsx?t=1779896219439:34
[23470233ms] [ERROR] Failed to load resource: the server responded with a status of 404 (Not Found) @ http://localhost:3004/api/v1/auctions?page=1&page_size=20:0
[23470233ms] [ERROR] API Error: 请求的资源不存在 @ http://localhost:3004/src/shared/api/request.ts:19
[23470233ms] [ERROR] 获取竞拍列表失败: ApiError: 请求的资源不存在
    at handleErrorResponse (http://localhost:3004/src/shared/api/request.ts:46:17)
    at async request (http://localhost:3004/src/shared/api/request.ts:94:7)
    at async fetchAuctions (http://localhost:3004/src/mobile/pages/Home.tsx?t=1779896219439:32:26) @ http://localhost:3004/src/mobile/pages/Home.tsx?t=1779896219439:34
[23494067ms] [WARNING] cdn.tailwindcss.com should not be used in production. To use Tailwind CSS in production, install it as a PostCSS plugin or use the Tailwind CLI: https://tailwindcss.com/docs/installation @ https://modao.cc/agent-py/static/source/js/tailwindcss.js:62
[23494145ms] [INFO] %cDownload the React DevTools for a better development experience: https://reactjs.org/link/react-devtools font-weight:bold @ http://localhost:3004/node_modules/.vite/deps/chunk-NUMECXU6.js?v=8fa3fb44:21550
[23494163ms] [ERROR] Failed to load resource: the server responded with a status of 404 (Not Found) @ http://localhost:3004/api/v1/auctions?page=1&page_size=20:0
[23494163ms] [ERROR] API Error: 请求的资源不存在 @ http://localhost:3004/src/shared/api/request.ts:19
[23494163ms] [ERROR] 获取竞拍列表失败: ApiError: 请求的资源不存在
    at handleErrorResponse (http://localhost:3004/src/shared/api/request.ts:46:17)
    at async request (http://localhost:3004/src/shared/api/request.ts:94:7)
    at async fetchAuctions (http://localhost:3004/src/mobile/pages/Home.tsx?t=1779896219439:32:26) @ http://localhost:3004/src/mobile/pages/Home.tsx?t=1779896219439:34
[23494163ms] [ERROR] Failed to load resource: the server responded with a status of 404 (Not Found) @ http://localhost:3004/api/v1/auctions?page=1&page_size=20:0
[23494163ms] [ERROR] API Error: 请求的资源不存在 @ http://localhost:3004/src/shared/api/request.ts:19
[23494163ms] [ERROR] 获取竞拍列表失败: ApiError: 请求的资源不存在
    at handleErrorResponse (http://localhost:3004/src/shared/api/request.ts:46:17)
    at async request (http://localhost:3004/src/shared/api/request.ts:94:7)
    at async fetchAuctions (http://localhost:3004/src/mobile/pages/Home.tsx?t=1779896219439:32:26) @ http://localhost:3004/src/mobile/pages/Home.tsx?t=1779896219439:34
[23511687ms] [WARNING] cdn.tailwindcss.com should not be used in production. To use Tailwind CSS in production, install it as a PostCSS plugin or use the Tailwind CLI: https://tailwindcss.com/docs/installation @ https://modao.cc/agent-py/static/source/js/tailwindcss.js:62
[23511723ms] [INFO] %cDownload the React DevTools for a better development experience: https://reactjs.org/link/react-devtools font-weight:bold @ http://localhost:3004/node_modules/.vite/deps/chunk-NUMECXU6.js?v=8fa3fb44:21550
[23511739ms] [ERROR] Failed to load resource: the server responded with a status of 404 (Not Found) @ http://localhost:3004/api/v1/auctions?page=1&page_size=20:0
[23511739ms] [ERROR] API Error: 请求的资源不存在 @ http://localhost:3004/src/shared/api/request.ts:19
[23511739ms] [ERROR] 获取竞拍列表失败: ApiError: 请求的资源不存在
    at handleErrorResponse (http://localhost:3004/src/shared/api/request.ts:46:17)
    at async request (http://localhost:3004/src/shared/api/request.ts:94:7)
    at async fetchAuctions (http://localhost:3004/src/mobile/pages/Home.tsx?t=1779896261992:32:26) @ http://localhost:3004/src/mobile/pages/Home.tsx?t=1779896261992:34
[23511739ms] [ERROR] Failed to load resource: the server responded with a status of 404 (Not Found) @ http://localhost:3004/api/v1/auctions?page=1&page_size=20:0
[23511739ms] [ERROR] API Error: 请求的资源不存在 @ http://localhost:3004/src/shared/api/request.ts:19
[23511739ms] [ERROR] 获取竞拍列表失败: ApiError: 请求的资源不存在
    at handleErrorResponse (http://localhost:3004/src/shared/api/request.ts:46:17)
    at async request (http://localhost:3004/src/shared/api/request.ts:94:7)
    at async fetchAuctions (http://localhost:3004/src/mobile/pages/Home.tsx?t=1779896261992:32:26) @ http://localhost:3004/src/mobile/pages/Home.tsx?t=1779896261992:34
[23578548ms] [WARNING] cdn.tailwindcss.com should not be used in production. To use Tailwind CSS in production, install it as a PostCSS plugin or use the Tailwind CLI: https://tailwindcss.com/docs/installation @ https://modao.cc/agent-py/static/source/js/tailwindcss.js:62
[23578595ms] [INFO] %cDownload the React DevTools for a better development experience: https://reactjs.org/link/react-devtools font-weight:bold @ http://localhost:3004/node_modules/.vite/deps/chunk-NUMECXU6.js?v=8fa3fb44:21550
[23578612ms] [ERROR] Failed to load resource: the server responded with a status of 404 (Not Found) @ http://localhost:3004/api/v1/auctions?page=1&page_size=20:0
[23578612ms] [ERROR] API Error: 请求的资源不存在 @ http://localhost:3004/src/shared/api/request.ts:19
[23578612ms] [ERROR] 获取竞拍列表失败: ApiError: 请求的资源不存在
    at handleErrorResponse (http://localhost:3004/src/shared/api/request.ts:46:17)
    at async request (http://localhost:3004/src/shared/api/request.ts:94:7)
    at async fetchAuctions (http://localhost:3004/src/mobile/pages/Home.tsx?t=1779896261992:32:26) @ http://localhost:3004/src/mobile/pages/Home.tsx?t=1779896261992:34
[23578612ms] [ERROR] Failed to load resource: the server responded with a status of 404 (Not Found) @ http://localhost:3004/api/v1/auctions?page=1&page_size=20:0
[23578612ms] [ERROR] API Error: 请求的资源不存在 @ http://localhost:3004/src/shared/api/request.ts:19
[23578612ms] [ERROR] 获取竞拍列表失败: ApiError: 请求的资源不存在
    at handleErrorResponse (http://localhost:3004/src/shared/api/request.ts:46:17)
    at async request (http://localhost:3004/src/shared/api/request.ts:94:7)
    at async fetchAuctions (http://localhost:3004/src/mobile/pages/Home.tsx?t=1779896261992:32:26) @ http://localhost:3004/src/mobile/pages/Home.tsx?t=1779896261992:34
[23616004ms] [WARNING] cdn.tailwindcss.com should not be used in production. To use Tailwind CSS in production, install it as a PostCSS plugin or use the Tailwind CLI: https://tailwindcss.com/docs/installation @ https://modao.cc/agent-py/static/source/js/tailwindcss.js:62
[23616041ms] [INFO] %cDownload the React DevTools for a better development experience: https://reactjs.org/link/react-devtools font-weight:bold @ http://localhost:3004/node_modules/.vite/deps/chunk-NUMECXU6.js?v=8fa3fb44:21550
[23616056ms] [ERROR] Failed to load resource: the server responded with a status of 404 (Not Found) @ http://localhost:3004/api/v1/auctions?page=1&page_size=20:0
[23616056ms] [ERROR] API Error: 请求的资源不存在 @ http://localhost:3004/src/shared/api/request.ts:19
[23616056ms] [ERROR] 获取竞拍列表失败: ApiError: 请求的资源不存在
    at handleErrorResponse (http://localhost:3004/src/shared/api/request.ts:46:17)
    at async request (http://localhost:3004/src/shared/api/request.ts:94:7)
    at async fetchAuctions (http://localhost:3004/src/mobile/pages/Home.tsx?t=1779896261992:32:26) @ http://localhost:3004/src/mobile/pages/Home.tsx?t=1779896261992:34
[23616056ms] [ERROR] Failed to load resource: the server responded with a status of 404 (Not Found) @ http://localhost:3004/api/v1/auctions?page=1&page_size=20:0
[23616056ms] [ERROR] API Error: 请求的资源不存在 @ http://localhost:3004/src/shared/api/request.ts:19
[23616056ms] [ERROR] 获取竞拍列表失败: ApiError: 请求的资源不存在
    at handleErrorResponse (http://localhost:3004/src/shared/api/request.ts:46:17)
    at async request (http://localhost:3004/src/shared/api/request.ts:94:7)
    at async fetchAuctions (http://localhost:3004/src/mobile/pages/Home.tsx?t=1779896261992:32:26) @ http://localhost:3004/src/mobile/pages/Home.tsx?t=1779896261992:34
[23624646ms] [WARNING] cdn.tailwindcss.com should not be used in production. To use Tailwind CSS in production, install it as a PostCSS plugin or use the Tailwind CLI: https://tailwindcss.com/docs/installation @ https://modao.cc/agent-py/static/source/js/tailwindcss.js:62
[23624693ms] [INFO] %cDownload the React DevTools for a better development experience: https://reactjs.org/link/react-devtools font-weight:bold @ http://localhost:3004/node_modules/.vite/deps/chunk-NUMECXU6.js?v=8fa3fb44:21550
[23624706ms] [ERROR] Failed to load resource: the server responded with a status of 404 (Not Found) @ http://localhost:3004/api/v1/auctions?page=1&page_size=20:0
[23624707ms] [ERROR] API Error: 请求的资源不存在 @ http://localhost:3004/src/shared/api/request.ts:19
[23624707ms] [ERROR] 获取竞拍列表失败: ApiError: 请求的资源不存在
    at handleErrorResponse (http://localhost:3004/src/shared/api/request.ts:46:17)
    at async request (http://localhost:3004/src/shared/api/request.ts:94:7)
    at async fetchAuctions (http://localhost:3004/src/mobile/pages/Home.tsx?t=1779896261992:32:26) @ http://localhost:3004/src/mobile/pages/Home.tsx?t=1779896261992:34
[23624707ms] [ERROR] Failed to load resource: the server responded with a status of 404 (Not Found) @ http://localhost:3004/api/v1/auctions?page=1&page_size=20:0
[23624707ms] [ERROR] API Error: 请求的资源不存在 @ http://localhost:3004/src/shared/api/request.ts:19
[23624707ms] [ERROR] 获取竞拍列表失败: ApiError: 请求的资源不存在
    at handleErrorResponse (http://localhost:3004/src/shared/api/request.ts:46:17)
    at async request (http://localhost:3004/src/shared/api/request.ts:94:7)
    at async fetchAuctions (http://localhost:3004/src/mobile/pages/Home.tsx?t=1779896261992:32:26) @ http://localhost:3004/src/mobile/pages/Home.tsx?t=1779896261992:34
[23632282ms] [WARNING] cdn.tailwindcss.com should not be used in production. To use Tailwind CSS in production, install it as a PostCSS plugin or use the Tailwind CLI: https://tailwindcss.com/docs/installation @ https://modao.cc/agent-py/static/source/js/tailwindcss.js:62
[23632329ms] [INFO] %cDownload the React DevTools for a better development experience: https://reactjs.org/link/react-devtools font-weight:bold @ http://localhost:3004/node_modules/.vite/deps/chunk-NUMECXU6.js?v=8fa3fb44:21550
[23632345ms] [ERROR] Failed to load resource: the server responded with a status of 404 (Not Found) @ http://localhost:3004/api/v1/auctions?page=1&page_size=20:0
[23632345ms] [ERROR] API Error: 请求的资源不存在 @ http://localhost:3004/src/shared/api/request.ts:19
[23632345ms] [ERROR] 获取竞拍列表失败: ApiError: 请求的资源不存在
    at handleErrorResponse (http://localhost:3004/src/shared/api/request.ts:46:17)
    at async request (http://localhost:3004/src/shared/api/request.ts:94:7)
    at async fetchAuctions (http://localhost:3004/src/mobile/pages/Home.tsx?t=1779896261992:32:26) @ http://localhost:3004/src/mobile/pages/Home.tsx?t=1779896261992:34
[23632345ms] [ERROR] Failed to load resource: the server responded with a status of 404 (Not Found) @ http://localhost:3004/api/v1/auctions?page=1&page_size=20:0
[23632345ms] [ERROR] API Error: 请求的资源不存在 @ http://localhost:3004/src/shared/api/request.ts:19
[23632345ms] [ERROR] 获取竞拍列表失败: ApiError: 请求的资源不存在
    at handleErrorResponse (http://localhost:3004/src/shared/api/request.ts:46:17)
    at async request (http://localhost:3004/src/shared/api/request.ts:94:7)
    at async fetchAuctions (http://localhost:3004/src/mobile/pages/Home.tsx?t=1779896261992:32:26) @ http://localhost:3004/src/mobile/pages/Home.tsx?t=1779896261992:34
[23644808ms] [WARNING] cdn.tailwindcss.com should not be used in production. To use Tailwind CSS in production, install it as a PostCSS plugin or use the Tailwind CLI: https://tailwindcss.com/docs/installation @ https://modao.cc/agent-py/static/source/js/tailwindcss.js:62
[23644843ms] [INFO] %cDownload the React DevTools for a better development experience: https://reactjs.org/link/react-devtools font-weight:bold @ http://localhost:3004/node_modules/.vite/deps/chunk-NUMECXU6.js?v=8fa3fb44:21550
[23644854ms] [ERROR] Failed to load resource: the server responded with a status of 404 (Not Found) @ http://localhost:3004/api/v1/auctions?page=1&page_size=20:0
[23644854ms] [ERROR] API Error: 请求的资源不存在 @ http://localhost:3004/src/shared/api/request.ts:19
[23644854ms] [ERROR] 获取竞拍列表失败: ApiError: 请求的资源不存在
    at handleErrorResponse (http://localhost:3004/src/shared/api/request.ts:46:17)
    at async request (http://localhost:3004/src/shared/api/request.ts:94:7)
    at async fetchAuctions (http://localhost:3004/src/mobile/pages/Home.tsx?t=1779896261992:32:26) @ http://localhost:3004/src/mobile/pages/Home.tsx?t=1779896261992:34
[23644854ms] [ERROR] Failed to load resource: the server responded with a status of 404 (Not Found) @ http://localhost:3004/api/v1/auctions?page=1&page_size=20:0
[23644854ms] [ERROR] API Error: 请求的资源不存在 @ http://localhost:3004/src/shared/api/request.ts:19
[23644855ms] [ERROR] 获取竞拍列表失败: ApiError: 请求的资源不存在
    at handleErrorResponse (http://localhost:3004/src/shared/api/request.ts:46:17)
    at async request (http://localhost:3004/src/shared/api/request.ts:94:7)
    at async fetchAuctions (http://localhost:3004/src/mobile/pages/Home.tsx?t=1779896261992:32:26) @ http://localhost:3004/src/mobile/pages/Home.tsx?t=1779896261992:34
[23654037ms] [WARNING] cdn.tailwindcss.com should not be used in production. To use Tailwind CSS in production, install it as a PostCSS plugin or use the Tailwind CLI: https://tailwindcss.com/docs/installation @ https://modao.cc/agent-py/static/source/js/tailwindcss.js:62
[23654069ms] [INFO] %cDownload the React DevTools for a better development experience: https://reactjs.org/link/react-devtools font-weight:bold @ http://localhost:3004/node_modules/.vite/deps/chunk-NUMECXU6.js?v=8fa3fb44:21550
[23654083ms] [ERROR] Failed to load resource: the server responded with a status of 404 (Not Found) @ http://localhost:3004/api/v1/auctions?page=1&page_size=20:0
[23654083ms] [ERROR] API Error: 请求的资源不存在 @ http://localhost:3004/src/shared/api/request.ts:19
[23654083ms] [ERROR] 获取竞拍列表失败: ApiError: 请求的资源不存在
    at handleErrorResponse (http://localhost:3004/src/shared/api/request.ts:46:17)
    at async request (http://localhost:3004/src/shared/api/request.ts:94:7)
    at async fetchAuctions (http://localhost:3004/src/mobile/pages/Home.tsx?t=1779896261992:32:26) @ http://localhost:3004/src/mobile/pages/Home.tsx?t=1779896261992:34
[23654085ms] [ERROR] Failed to load resource: the server responded with a status of 404 (Not Found) @ http://localhost:3004/api/v1/auctions?page=1&page_size=20:0
[23654085ms] [ERROR] API Error: 请求的资源不存在 @ http://localhost:3004/src/shared/api/request.ts:19
[23654086ms] [ERROR] 获取竞拍列表失败: ApiError: 请求的资源不存在
    at handleErrorResponse (http://localhost:3004/src/shared/api/request.ts:46:17)
    at async request (http://localhost:3004/src/shared/api/request.ts:94:7)
    at async fetchAuctions (http://localhost:3004/src/mobile/pages/Home.tsx?t=1779896261992:32:26) @ http://localhost:3004/src/mobile/pages/Home.tsx?t=1779896261992:34
[23819277ms] [WARNING] cdn.tailwindcss.com should not be used in production. To use Tailwind CSS in production, install it as a PostCSS plugin or use the Tailwind CLI: https://tailwindcss.com/docs/installation @ https://modao.cc/agent-py/static/source/js/tailwindcss.js:62
[23819338ms] [INFO] %cDownload the React DevTools for a better development experience: https://reactjs.org/link/react-devtools font-weight:bold @ http://localhost:3004/node_modules/.vite/deps/chunk-NUMECXU6.js?v=8fa3fb44:21550
[23819367ms] [ERROR] Failed to load resource: the server responded with a status of 404 (Not Found) @ http://localhost:3004/api/v1/auctions?page=1&page_size=20:0
[23819367ms] [ERROR] API Error: 请求的资源不存在 @ http://localhost:3004/src/shared/api/request.ts:19
[23819367ms] [ERROR] 获取竞拍列表失败: ApiError: 请求的资源不存在
    at handleErrorResponse (http://localhost:3004/src/shared/api/request.ts:46:17)
    at async request (http://localhost:3004/src/shared/api/request.ts:94:7)
    at async fetchAuctions (http://localhost:3004/src/mobile/pages/Home.tsx?t=1779896261992:32:26) @ http://localhost:3004/src/mobile/pages/Home.tsx?t=1779896261992:34
[23819373ms] [ERROR] Failed to load resource: the server responded with a status of 404 (Not Found) @ http://localhost:3004/api/v1/auctions?page=1&page_size=20:0
[23819373ms] [ERROR] API Error: 请求的资源不存在 @ http://localhost:3004/src/shared/api/request.ts:19
[23819373ms] [ERROR] 获取竞拍列表失败: ApiError: 请求的资源不存在
    at handleErrorResponse (http://localhost:3004/src/shared/api/request.ts:46:17)
    at async request (http://localhost:3004/src/shared/api/request.ts:94:7)
    at async fetchAuctions (http://localhost:3004/src/mobile/pages/Home.tsx?t=1779896261992:32:26) @ http://localhost:3004/src/mobile/pages/Home.tsx?t=1779896261992:34
