[     100ms] [WARNING] cdn.tailwindcss.com should not be used in production. To use Tailwind CSS in production, install it as a PostCSS plugin or use the Tailwind CLI: https://tailwindcss.com/docs/installation @ https://modao.cc/agent-py/static/source/js/tailwindcss.js:62
[     171ms] [INFO] %cDownload the React DevTools for a better development experience: https://reactjs.org/link/react-devtools font-weight:bold @ http://localhost:3005/node_modules/.vite/deps/chunk-NUMECXU6.js?v=8fa3fb44:21550
[     202ms] [ERROR] Failed to load resource: the server responded with a status of 404 (Not Found) @ http://localhost:3005/agent-py/static/source/images/placeholder.svg:0
[     341ms] [ERROR] Failed to load resource: the server responded with a status of 404 (Not Found) @ http://localhost:3005/favicon.ico:0
[   65585ms] [ERROR] Failed to load resource: the server responded with a status of 404 (Not Found) @ http://localhost:3005/api/v1/auctions?page=1&page_size=20:0
[   65585ms] [ERROR] API Error: 请求的资源不存在 @ http://localhost:3005/src/shared/api/request.ts:19
[   65586ms] [ERROR] 获取竞拍列表失败: ApiError: 请求的资源不存在
    at handleErrorResponse (http://localhost:3005/src/shared/api/request.ts:46:17)
    at async request (http://localhost:3005/src/shared/api/request.ts:94:7)
    at async fetchAuctions (http://localhost:3005/src/mobile/pages/Home.tsx?t=1779893540063:32:26) @ http://localhost:3005/src/mobile/pages/Home.tsx?t=1779893540063:34
[   65586ms] [ERROR] Failed to load resource: the server responded with a status of 404 (Not Found) @ http://localhost:3005/api/v1/auctions?page=1&page_size=20:0
[   65586ms] [ERROR] API Error: 请求的资源不存在 @ http://localhost:3005/src/shared/api/request.ts:19
[   65586ms] [ERROR] 获取竞拍列表失败: ApiError: 请求的资源不存在
    at handleErrorResponse (http://localhost:3005/src/shared/api/request.ts:46:17)
    at async request (http://localhost:3005/src/shared/api/request.ts:94:7)
    at async fetchAuctions (http://localhost:3005/src/mobile/pages/Home.tsx?t=1779893540063:32:26) @ http://localhost:3005/src/mobile/pages/Home.tsx?t=1779893540063:34
[ 2744946ms] [ERROR] Failed to load resource: the server responded with a status of 404 (Not Found) @ http://localhost:3005/api/v1/auctions?page=1&page_size=20:0
[ 2744946ms] [ERROR] API Error: 请求的资源不存在 @ http://localhost:3005/src/shared/api/request.ts:19
[ 2744946ms] [ERROR] 获取竞拍列表失败: ApiError: 请求的资源不存在
    at handleErrorResponse (http://localhost:3005/src/shared/api/request.ts:46:17)
    at async request (http://localhost:3005/src/shared/api/request.ts:94:7)
    at async fetchAuctions (http://localhost:3005/src/mobile/pages/Home.tsx?t=1779896219437:32:26) @ http://localhost:3005/src/mobile/pages/Home.tsx?t=1779896219437:34
[ 2787434ms] [ERROR] Failed to load resource: the server responded with a status of 404 (Not Found) @ http://localhost:3005/api/v1/auctions?page=1&page_size=20:0
[ 2787434ms] [ERROR] API Error: 请求的资源不存在 @ http://localhost:3005/src/shared/api/request.ts:19
[ 2787434ms] [ERROR] 获取竞拍列表失败: ApiError: 请求的资源不存在
    at handleErrorResponse (http://localhost:3005/src/shared/api/request.ts:46:17)
    at async request (http://localhost:3005/src/shared/api/request.ts:94:7)
    at async fetchAuctions (http://localhost:3005/src/mobile/pages/Home.tsx?t=1779896261997:32:26) @ http://localhost:3005/src/mobile/pages/Home.tsx?t=1779896261997:34
[ 2875114ms] [ERROR] Failed to load resource: net::ERR_CONNECTION_TIMED_OUT @ https://api.unisvg.com/solar.json?icons=bag-5-linear%2Cheart-linear:0
